Could not find platform independent libraries <prefix>
Could not find platform dependent libraries <exec_prefix>
Python path configuration:
  PYTHONHOME = (not set)
  PYTHONPATH = (not set)
  program name = '/Users/talhauddin/software/reasoning_cloner/.venv/bin/python'
  isolated = 0
  environment = 1
  user site = 1
  safe_path = 0
  import site = 1
  is in build tree = 0
  stdlib dir = '/install/lib/python3.12'
  sys._base_executable = '/Users/talhauddin/.local/share/uv/python/cpython-3.12.11-macos-aarch64-none/bin/python3.12'
  sys.base_prefix = '/install'
  sys.base_exec_prefix = '/install'
  sys.platlibdir = 'lib'
  sys.executable = '/Users/talhauddin/software/reasoning_cloner/.venv/bin/python'
  sys.prefix = '/install'
  sys.exec_prefix = '/install'
  sys.path = [
    '/install/lib/python312.zip',
    '/install/lib/python3.12',
    '/install/lib/python3.12/lib-dynload',
  ]
Fatal Python error: init_fs_encoding: failed to get the Python codec of the filesystem encoding
Python runtime state: core initialized
ModuleNotFoundError: No module named 'encodings'

Current thread 0x00000001f2f32640 (most recent call first):
  <no Python frame>
